<?xml version="1.0" encoding="UTF-8"?>
<testng-results ignored="0" total="2" passed="2" failed="0" skipped="0">
  <reporter-output>
  </reporter-output>
  <suite started-at="2021-10-26T04:58:39 CDT" name="testCases.LoginPageTest" finished-at="2021-10-26T04:59:02 CDT" duration-ms="23227">
    <groups>
    </groups>
    <test started-at="2021-10-26T04:58:39 CDT" name="Command line test" finished-at="2021-10-26T04:59:02 CDT" duration-ms="23227">
      <class name="testCases.LoginPageTest">
        <test-method is-config="true" signature="setup()[pri:0, instance:testCases.LoginPageTest@47db50c5]" started-at="2021-10-26T04:58:39 CDT" name="setup" finished-at="2021-10-26T04:58:44 CDT" duration-ms="4511" status="PASS">
          <reporter-output>
          </reporter-output>
        </test-method> <!-- setup -->
        <test-method signature="LoginTest()[pri:1, instance:testCases.LoginPageTest@47db50c5]" started-at="2021-10-26T04:58:44 CDT" name="LoginTest" finished-at="2021-10-26T04:58:51 CDT" duration-ms="7432" status="PASS">
          <reporter-output>
          </reporter-output>
        </test-method> <!-- LoginTest -->
        <test-method is-config="true" signature="tearDown()[pri:0, instance:testCases.LoginPageTest@47db50c5]" started-at="2021-10-26T04:58:51 CDT" name="tearDown" finished-at="2021-10-26T04:58:52 CDT" duration-ms="1275" status="PASS">
          <reporter-output>
          </reporter-output>
        </test-method> <!-- tearDown -->
        <test-method is-config="true" signature="setup()[pri:0, instance:testCases.LoginPageTest@47db50c5]" started-at="2021-10-26T04:58:52 CDT" name="setup" finished-at="2021-10-26T04:58:55 CDT" duration-ms="3067" status="PASS">
          <reporter-output>
          </reporter-output>
        </test-method> <!-- setup -->
        <test-method signature="LoginPageTitleTest()[pri:2, instance:testCases.LoginPageTest@47db50c5]" started-at="2021-10-26T04:58:55 CDT" name="LoginPageTitleTest" finished-at="2021-10-26T04:59:02 CDT" duration-ms="6106" status="PASS">
          <reporter-output>
          </reporter-output>
        </test-method> <!-- LoginPageTitleTest -->
        <test-method is-config="true" signature="tearDown()[pri:0, instance:testCases.LoginPageTest@47db50c5]" started-at="2021-10-26T04:59:02 CDT" name="tearDown" finished-at="2021-10-26T04:59:02 CDT" duration-ms="792" status="PASS">
          <reporter-output>
          </reporter-output>
        </test-method> <!-- tearDown -->
      </class> <!-- testCases.LoginPageTest -->
    </test> <!-- Command line test -->
  </suite> <!-- testCases.LoginPageTest -->
</testng-results>
