<?xml version="1.0" encoding="UTF-8"?>
<testsuite xmlns:xsi="http://www.w3.org/2001/XMLSchema-instance" xsi:noNamespaceSchemaLocation="https://maven.apache.org/surefire/maven-surefire-plugin/xsd/surefire-test-report.xsd" name="testCases.LoginPageTest" time="20.425" tests="2" errors="0" skipped="0" failures="0">
  <properties>
[...]
</properties>
  <testcase name="LoginTest" classname="testCases.LoginPageTest" time="8.405"/>
  <testcase name="LoginPageTitleTest" classname="testCases.LoginPageTest" time="5.701"/>
</testsuite>