<?xml version="1.0" encoding="UTF-8"?>
<testng-results skipped="0" failed="0" ignored="0" total="2" passed="2">
  <reporter-output>
  </reporter-output>
  <suite name="Surefire suite" duration-ms="35549" started-at="2021-10-25T22:23:43 CDT" finished-at="2021-10-25T22:24:18 CDT">
    <groups>
    </groups>
    <test name="Surefire test" duration-ms="35549" started-at="2021-10-25T22:23:43 CDT" finished-at="2021-10-25T22:24:18 CDT">
      <class name="testCases.LoginPageTest">
        <test-method status="PASS" signature="setup()[pri:0, instance:testCases.LoginPageTest@59ec2012]" name="setup" is-config="true" duration-ms="3146" started-at="2021-10-25T22:23:43 CDT" finished-at="2021-10-25T22:23:46 CDT">
          <reporter-output>
          </reporter-output>
        </test-method> <!-- setup -->
        <test-method status="PASS" signature="LoginTest()[pri:1, instance:testCases.LoginPageTest@59ec2012]" name="LoginTest" duration-ms="14045" started-at="2021-10-25T22:23:46 CDT" finished-at="2021-10-25T22:24:00 CDT">
          <reporter-output>
          </reporter-output>
        </test-method> <!-- LoginTest -->
        <test-method status="PASS" signature="tearDown()[pri:0, instance:testCases.LoginPageTest@59ec2012]" name="tearDown" is-config="true" duration-ms="1106" started-at="2021-10-25T22:24:00 CDT" finished-at="2021-10-25T22:24:01 CDT">
          <reporter-output>
          </reporter-output>
        </test-method> <!-- tearDown -->
        <test-method status="PASS" signature="setup()[pri:0, instance:testCases.LoginPageTest@59ec2012]" name="setup" is-config="true" duration-ms="2412" started-at="2021-10-25T22:24:01 CDT" finished-at="2021-10-25T22:24:03 CDT">
          <reporter-output>
          </reporter-output>
        </test-method> <!-- setup -->
        <test-method status="PASS" signature="LoginPageTitleTest()[pri:2, instance:testCases.LoginPageTest@59ec2012]" name="LoginPageTitleTest" duration-ms="13746" started-at="2021-10-25T22:24:03 CDT" finished-at="2021-10-25T22:24:17 CDT">
          <reporter-output>
          </reporter-output>
        </test-method> <!-- LoginPageTitleTest -->
        <test-method status="PASS" signature="tearDown()[pri:0, instance:testCases.LoginPageTest@59ec2012]" name="tearDown" is-config="true" duration-ms="1059" started-at="2021-10-25T22:24:17 CDT" finished-at="2021-10-25T22:24:18 CDT">
          <reporter-output>
          </reporter-output>
        </test-method> <!-- tearDown -->
      </class> <!-- testCases.LoginPageTest -->
    </test> <!-- Surefire test -->
  </suite> <!-- Surefire suite -->
</testng-results>
