<?xml version="1.0" encoding="UTF-8"?>
<testng-results ignored="0" total="2" passed="2" failed="0" skipped="0">
  <reporter-output>
  </reporter-output>
  <suite started-at="2021-10-26T16:55:27 CDT" name="Default suite" finished-at="2021-10-26T16:55:48 CDT" duration-ms="21009">
    <groups>
    </groups>
    <test started-at="2021-10-26T16:55:27 CDT" name="Default test" finished-at="2021-10-26T16:55:48 CDT" duration-ms="21009">
      <class name="testCases.LoginPageTest">
        <test-method is-config="true" signature="setup()[pri:0, instance:testCases.LoginPageTest@18ce0030]" started-at="2021-10-26T16:55:27 CDT" name="setup" finished-at="2021-10-26T16:55:30 CDT" duration-ms="3041" status="PASS">
          <reporter-output>
          </reporter-output>
        </test-method> <!-- setup -->
        <test-method signature="LoginTest()[pri:1, instance:testCases.LoginPageTest@18ce0030]" started-at="2021-10-26T16:55:30 CDT" name="LoginTest" finished-at="2021-10-26T16:55:37 CDT" duration-ms="7115" status="PASS">
          <reporter-output>
          </reporter-output>
        </test-method> <!-- LoginTest -->
        <test-method is-config="true" signature="tearDown()[pri:0, instance:testCases.LoginPageTest@18ce0030]" started-at="2021-10-26T16:55:37 CDT" name="tearDown" finished-at="2021-10-26T16:55:39 CDT" duration-ms="1064" status="PASS">
          <reporter-output>
          </reporter-output>
        </test-method> <!-- tearDown -->
        <test-method is-config="true" signature="setup()[pri:0, instance:testCases.LoginPageTest@18ce0030]" started-at="2021-10-26T16:55:39 CDT" name="setup" finished-at="2021-10-26T16:55:41 CDT" duration-ms="2649" status="PASS">
          <reporter-output>
          </reporter-output>
        </test-method> <!-- setup -->
        <test-method signature="LoginPageTitleTest()[pri:2, instance:testCases.LoginPageTest@18ce0030]" started-at="2021-10-26T16:55:41 CDT" name="LoginPageTitleTest" finished-at="2021-10-26T16:55:47 CDT" duration-ms="6262" status="PASS">
          <reporter-output>
          </reporter-output>
        </test-method> <!-- LoginPageTitleTest -->
        <test-method is-config="true" signature="tearDown()[pri:0, instance:testCases.LoginPageTest@18ce0030]" started-at="2021-10-26T16:55:47 CDT" name="tearDown" finished-at="2021-10-26T16:55:48 CDT" duration-ms="828" status="PASS">
          <reporter-output>
          </reporter-output>
        </test-method> <!-- tearDown -->
      </class> <!-- testCases.LoginPageTest -->
    </test> <!-- Default test -->
  </suite> <!-- Default suite -->
</testng-results>
